<?xml version="1.0" encoding="UTF-8"?>
<!-- Generated by org.testng.reporters.JUnitXMLReporter -->
<testsuite ignored="0" hostname="UmairR-A555" failures="0" tests="9" name="Free CRM Application Test " time="159.434" errors="0" timestamp="2020-10-15T14:59:24 CEST">
  <testcase classname="com.qa.testcases.LoginPageTest" name="LoginTest" time="0.826"/>
  <testcase classname="com.qa.testcases.LoginPageTest" name="titlePageTest" time="0.027"/>
  <testcase classname="com.qa.testcases.HomePageTest" name="validateHomepageTitle" time="0.024"/>
  <testcase classname="com.qa.testcases.HomePageTest" name="validateUserDisplayed" time="1.582"/>
  <testcase classname="com.qa.testcases.HomePageTest" name="clickonContacts" time="2.621"/>
  <testcase classname="com.qa.testcases.ContactPageTest" name="verifyContactPage" time="0.215"/>
  <testcase classname="com.qa.testcases.ContactPageTest" name="clickOnDropdown" time="2.027"/>
  <testcase classname="com.qa.testcases.NewContactTest" name="addNewContact" time="8.642"/>
  <testcase classname="com.qa.testcases.NewContactTest" name="addNewContact" time="5.423"/>
</testsuite> <!-- Free CRM Application Test  -->
