<?xml version="1.0" encoding="UTF-8"?>
<testng-results total="9" passed="9" failed="0" skipped="0">
  <reporter-output>
  </reporter-output>
  <suite started-at="2020-10-15T14:53:48Z" name="Command line suite" finished-at="2020-10-15T14:56:19Z" duration-ms="151392">
    <groups>
    </groups>
    <test started-at="2020-10-15T14:53:48Z" name="Command line test" finished-at="2020-10-15T14:56:19Z" duration-ms="151392">
      <class name="com.qa.testcases.NewContactTest">
        <test-method is-config="true" signature="setUp()" started-at="2020-10-15T14:54:50Z" name="setUp" finished-at="2020-10-15T14:55:06Z" duration-ms="15979" status="PASS">
        </test-method>
        <test-method signature="addNewContact(java.lang.String, java.lang.String, java.lang.String, java.lang.String)" started-at="2020-10-15T14:55:06Z" name="addNewContact" finished-at="2020-10-15T14:55:12Z" duration-ms="5446" status="PASS">
          <params>
            <param index="0">
              <value>
                <![CDATA[Lead]]>
              </value>
            </param>
            <param index="1">
              <value>
                <![CDATA[Kabeer]]>
              </value>
            </param>
            <param index="2">
              <value>
                <![CDATA[Khan]]>
              </value>
            </param>
            <param index="3">
              <value>
                <![CDATA[kabeer@gmail.com]]>
              </value>
            </param>
          </params>
        </test-method>
        <test-method is-config="true" signature="teardown()" started-at="2020-10-15T14:55:12Z" name="teardown" finished-at="2020-10-15T14:55:13Z" duration-ms="994" status="PASS">
        </test-method>
        <test-method is-config="true" signature="setUp()" started-at="2020-10-15T14:55:13Z" name="setUp" finished-at="2020-10-15T14:55:27Z" duration-ms="14726" status="PASS">
        </test-method>
        <test-method signature="addNewContact(java.lang.String, java.lang.String, java.lang.String, java.lang.String)" started-at="2020-10-15T14:55:27Z" name="addNewContact" finished-at="2020-10-15T14:55:32Z" duration-ms="4614" status="PASS">
          <params>
            <param index="0">
              <value>
                <![CDATA[Customer]]>
              </value>
            </param>
            <param index="1">
              <value>
                <![CDATA[Naila]]>
              </value>
            </param>
            <param index="2">
              <value>
                <![CDATA[Rehman]]>
              </value>
            </param>
            <param index="3">
              <value>
                <![CDATA[naila@hotmail.com]]>
              </value>
            </param>
          </params>
        </test-method>
        <test-method is-config="true" signature="teardown()" started-at="2020-10-15T14:55:32Z" name="teardown" finished-at="2020-10-15T14:55:34Z" duration-ms="1614" status="PASS">
        </test-method>
      </class>
      <class name="com.qa.testcases.HomePageTest">
        <test-method is-config="true" signature="setUp()" started-at="2020-10-15T14:54:18Z" name="setUp" finished-at="2020-10-15T14:54:30Z" duration-ms="11414" status="PASS">
        </test-method>
        <test-method signature="validateHomepageTitle()" started-at="2020-10-15T14:54:30Z" name="validateHomepageTitle" finished-at="2020-10-15T14:54:30Z" duration-ms="28" status="PASS">
        </test-method>
        <test-method is-config="true" signature="teardown()" started-at="2020-10-15T14:54:30Z" name="teardown" finished-at="2020-10-15T14:54:31Z" duration-ms="979" status="PASS">
        </test-method>
        <test-method is-config="true" signature="setUp()" started-at="2020-10-15T14:55:50Z" name="setUp" finished-at="2020-10-15T14:56:02Z" duration-ms="11424" status="PASS">
        </test-method>
        <test-method signature="validateUserDisplayed()" started-at="2020-10-15T14:56:02Z" name="validateUserDisplayed" finished-at="2020-10-15T14:56:03Z" duration-ms="1446" status="PASS">
        </test-method>
        <test-method is-config="true" signature="teardown()" started-at="2020-10-15T14:56:03Z" name="teardown" finished-at="2020-10-15T14:56:04Z" duration-ms="1131" status="PASS">
        </test-method>
        <test-method is-config="true" signature="setUp()" started-at="2020-10-15T14:56:04Z" name="setUp" finished-at="2020-10-15T14:56:16Z" duration-ms="11519" status="PASS">
        </test-method>
        <test-method signature="clickonContacts()" started-at="2020-10-15T14:56:16Z" name="clickonContacts" finished-at="2020-10-15T14:56:18Z" duration-ms="2486" status="PASS">
        </test-method>
        <test-method is-config="true" signature="teardown()" started-at="2020-10-15T14:56:18Z" name="teardown" finished-at="2020-10-15T14:56:19Z" duration-ms="934" status="PASS">
        </test-method>
      </class>
      <class name="com.qa.testcases.ContactPageTest">
        <test-method is-config="true" signature="setUp()" started-at="2020-10-15T14:54:02Z" name="setUp" finished-at="2020-10-15T14:54:16Z" duration-ms="14735" status="PASS">
        </test-method>
        <test-method signature="verifyContactPage()" started-at="2020-10-15T14:54:16Z" name="verifyContactPage" finished-at="2020-10-15T14:54:17Z" duration-ms="647" status="PASS">
        </test-method>
        <test-method is-config="true" signature="teardown()" started-at="2020-10-15T14:54:17Z" name="teardown" finished-at="2020-10-15T14:54:18Z" duration-ms="1353" status="PASS">
        </test-method>
        <test-method is-config="true" signature="setUp()" started-at="2020-10-15T14:55:34Z" name="setUp" finished-at="2020-10-15T14:55:47Z" duration-ms="13343" status="PASS">
        </test-method>
        <test-method signature="clickOnDropdown()" started-at="2020-10-15T14:55:47Z" name="clickOnDropdown" finished-at="2020-10-15T14:55:49Z" duration-ms="2027" status="PASS">
        </test-method>
        <test-method is-config="true" signature="teardown()" started-at="2020-10-15T14:55:49Z" name="teardown" finished-at="2020-10-15T14:55:50Z" duration-ms="1131" status="PASS">
        </test-method>
      </class>
      <class name="com.qa.testcases.LoginPageTest">
        <test-method is-config="true" signature="setup()" started-at="2020-10-15T14:53:48Z" name="setup" finished-at="2020-10-15T14:53:59Z" duration-ms="11682" status="PASS">
        </test-method>
        <test-method signature="LoginTest()" started-at="2020-10-15T14:53:59Z" name="LoginTest" finished-at="2020-10-15T14:54:01Z" duration-ms="1119" status="PASS">
        </test-method>
        <test-method is-config="true" signature="teardown()" started-at="2020-10-15T14:54:01Z" name="teardown" finished-at="2020-10-15T14:54:01Z" duration-ms="973" status="PASS">
        </test-method>
        <test-method is-config="true" signature="setup()" started-at="2020-10-15T14:54:31Z" name="setup" finished-at="2020-10-15T14:54:43Z" duration-ms="12134" status="PASS">
        </test-method>
        <test-method signature="titlePageTest()" started-at="2020-10-15T14:54:43Z" name="titlePageTest" finished-at="2020-10-15T14:54:43Z" duration-ms="124" status="PASS">
        </test-method>
        <test-method is-config="true" signature="teardown()" started-at="2020-10-15T14:54:43Z" name="teardown" finished-at="2020-10-15T14:54:48Z" duration-ms="5311" status="PASS">
        </test-method>
      </class>
    </test>
  </suite>
</testng-results>
