<?xml version="1.0" encoding="UTF-8" ?>
<testsuite tests="9" failures="0" name="TestSuite" time="17.889" errors="0" skipped="0">
  <properties>
[...]
</properties>
  <testcase classname="com.qa.testcases.LoginPageTest" name="LoginTest" time="1.116"/>
  <testcase classname="com.qa.testcases.ContactPageTest" name="verifyContactPage" time="0.597"/>
  <testcase classname="com.qa.testcases.HomePageTest" name="validateHomepageTitle" time="0.028"/>
  <testcase classname="com.qa.testcases.LoginPageTest" name="titlePageTest" time="0.138"/>
  <testcase classname="com.qa.testcases.NewContactTest" name="addNewContact" time="5.445"/>
  <testcase classname="com.qa.testcases.NewContactTest" name="addNewContact" time="4.614"/>
  <testcase classname="com.qa.testcases.ContactPageTest" name="clickOnDropdown" time="2.019"/>
  <testcase classname="com.qa.testcases.HomePageTest" name="validateUserDisplayed" time="1.446"/>
  <testcase classname="com.qa.testcases.HomePageTest" name="clickonContacts" time="2.486"/>
</testsuite>