<?xml version="1.0" encoding="UTF-8"?>
<testng-results ignored="0" total="9" passed="9" failed="0" skipped="0">
  <reporter-output>
  </reporter-output>
  <suite started-at="2020-10-15T14:56:45 CEST" name="My testing application" finished-at="2020-10-15T14:59:24 CEST" duration-ms="159434">
    <groups>
    </groups>
    <test started-at="2020-10-15T14:56:45 CEST" name="Free CRM Application Test " finished-at="2020-10-15T14:59:24 CEST" duration-ms="159434">
      <class name="com.qa.testcases.NewContactTest">
        <test-method is-config="true" signature="setUp()[pri:0, instance:com.qa.testcases.NewContactTest@2ea41516]" started-at="2020-10-15T14:58:29 CEST" name="setUp" finished-at="2020-10-15T14:58:49 CEST" duration-ms="19552" status="PASS">
          <reporter-output>
          </reporter-output>
        </test-method> <!-- setUp -->
        <test-method signature="addNewContact(java.lang.String, java.lang.String, java.lang.String, java.lang.String)[pri:1, instance:com.qa.testcases.NewContactTest@2ea41516]" started-at="2020-10-15T14:58:49 CEST" name="addNewContact" data-provider="AddtestdatafromExcel" finished-at="2020-10-15T14:58:58 CEST" duration-ms="8642" status="PASS">
          <params>
            <param index="0">
              <value>
                <![CDATA[Lead]]>
              </value>
            </param>
            <param index="1">
              <value>
                <![CDATA[Kabeer]]>
              </value>
            </param>
            <param index="2">
              <value>
                <![CDATA[Khan]]>
              </value>
            </param>
            <param index="3">
              <value>
                <![CDATA[kabeer@gmail.com]]>
              </value>
            </param>
          </params>
          <reporter-output>
          </reporter-output>
        </test-method> <!-- addNewContact -->
        <test-method is-config="true" signature="teardown()[pri:0, instance:com.qa.testcases.NewContactTest@2ea41516]" started-at="2020-10-15T14:58:58 CEST" name="teardown" finished-at="2020-10-15T14:59:01 CEST" duration-ms="3468" status="PASS">
          <reporter-output>
          </reporter-output>
        </test-method> <!-- teardown -->
        <test-method is-config="true" signature="setUp()[pri:0, instance:com.qa.testcases.NewContactTest@2ea41516]" started-at="2020-10-15T14:59:01 CEST" name="setUp" finished-at="2020-10-15T14:59:18 CEST" duration-ms="17032" status="PASS">
          <reporter-output>
          </reporter-output>
        </test-method> <!-- setUp -->
        <test-method signature="addNewContact(java.lang.String, java.lang.String, java.lang.String, java.lang.String)[pri:1, instance:com.qa.testcases.NewContactTest@2ea41516]" started-at="2020-10-15T14:59:18 CEST" name="addNewContact" data-provider="AddtestdatafromExcel" finished-at="2020-10-15T14:59:23 CEST" duration-ms="5423" status="PASS">
          <params>
            <param index="0">
              <value>
                <![CDATA[Customer]]>
              </value>
            </param>
            <param index="1">
              <value>
                <![CDATA[Naila]]>
              </value>
            </param>
            <param index="2">
              <value>
                <![CDATA[Rehman]]>
              </value>
            </param>
            <param index="3">
              <value>
                <![CDATA[naila@hotmail.com]]>
              </value>
            </param>
          </params>
          <reporter-output>
          </reporter-output>
        </test-method> <!-- addNewContact -->
        <test-method is-config="true" signature="teardown()[pri:0, instance:com.qa.testcases.NewContactTest@2ea41516]" started-at="2020-10-15T14:59:23 CEST" name="teardown" finished-at="2020-10-15T14:59:24 CEST" duration-ms="963" status="PASS">
          <reporter-output>
          </reporter-output>
        </test-method> <!-- teardown -->
      </class> <!-- com.qa.testcases.NewContactTest -->
      <class name="com.qa.testcases.HomePageTest">
        <test-method is-config="true" signature="setUp()[pri:0, instance:com.qa.testcases.HomePageTest@2805d709]" started-at="2020-10-15T14:57:12 CEST" name="setUp" finished-at="2020-10-15T14:57:23 CEST" duration-ms="11006" status="PASS">
          <reporter-output>
          </reporter-output>
        </test-method> <!-- setUp -->
        <test-method signature="validateHomepageTitle()[pri:1, instance:com.qa.testcases.HomePageTest@2805d709]" started-at="2020-10-15T14:57:23 CEST" name="validateHomepageTitle" finished-at="2020-10-15T14:57:23 CEST" duration-ms="24" status="PASS">
          <reporter-output>
          </reporter-output>
        </test-method> <!-- validateHomepageTitle -->
        <test-method is-config="true" signature="teardown()[pri:0, instance:com.qa.testcases.HomePageTest@2805d709]" started-at="2020-10-15T14:57:23 CEST" name="teardown" finished-at="2020-10-15T14:57:24 CEST" duration-ms="1099" status="PASS">
          <reporter-output>
          </reporter-output>
        </test-method> <!-- teardown -->
        <test-method is-config="true" signature="setUp()[pri:0, instance:com.qa.testcases.HomePageTest@2805d709]" started-at="2020-10-15T14:57:24 CEST" name="setUp" finished-at="2020-10-15T14:57:36 CEST" duration-ms="11712" status="PASS">
          <reporter-output>
          </reporter-output>
        </test-method> <!-- setUp -->
        <test-method signature="validateUserDisplayed()[pri:2, instance:com.qa.testcases.HomePageTest@2805d709]" started-at="2020-10-15T14:57:36 CEST" name="validateUserDisplayed" finished-at="2020-10-15T14:57:37 CEST" duration-ms="1582" status="PASS">
          <reporter-output>
          </reporter-output>
        </test-method> <!-- validateUserDisplayed -->
        <test-method is-config="true" signature="teardown()[pri:0, instance:com.qa.testcases.HomePageTest@2805d709]" started-at="2020-10-15T14:57:37 CEST" name="teardown" finished-at="2020-10-15T14:57:39 CEST" duration-ms="1432" status="PASS">
          <reporter-output>
          </reporter-output>
        </test-method> <!-- teardown -->
        <test-method is-config="true" signature="setUp()[pri:0, instance:com.qa.testcases.HomePageTest@2805d709]" started-at="2020-10-15T14:57:39 CEST" name="setUp" finished-at="2020-10-15T14:57:50 CEST" duration-ms="10950" status="PASS">
          <reporter-output>
          </reporter-output>
        </test-method> <!-- setUp -->
        <test-method signature="clickonContacts()[pri:3, instance:com.qa.testcases.HomePageTest@2805d709]" started-at="2020-10-15T14:57:50 CEST" name="clickonContacts" finished-at="2020-10-15T14:57:52 CEST" duration-ms="2621" status="PASS">
          <reporter-output>
          </reporter-output>
        </test-method> <!-- clickonContacts -->
        <test-method is-config="true" signature="teardown()[pri:0, instance:com.qa.testcases.HomePageTest@2805d709]" started-at="2020-10-15T14:57:52 CEST" name="teardown" finished-at="2020-10-15T14:57:54 CEST" duration-ms="1282" status="PASS">
          <reporter-output>
          </reporter-output>
        </test-method> <!-- teardown -->
      </class> <!-- com.qa.testcases.HomePageTest -->
      <class name="com.qa.testcases.ContactPageTest">
        <test-method is-config="true" signature="setUp()[pri:0, instance:com.qa.testcases.ContactPageTest@3ee37e5a]" started-at="2020-10-15T14:57:54 CEST" name="setUp" finished-at="2020-10-15T14:58:07 CEST" duration-ms="13406" status="PASS">
          <reporter-output>
          </reporter-output>
        </test-method> <!-- setUp -->
        <test-method signature="verifyContactPage()[pri:1, instance:com.qa.testcases.ContactPageTest@3ee37e5a]" started-at="2020-10-15T14:58:07 CEST" name="verifyContactPage" finished-at="2020-10-15T14:58:07 CEST" duration-ms="215" status="PASS">
          <reporter-output>
          </reporter-output>
        </test-method> <!-- verifyContactPage -->
        <test-method is-config="true" signature="teardown()[pri:0, instance:com.qa.testcases.ContactPageTest@3ee37e5a]" started-at="2020-10-15T14:58:07 CEST" name="teardown" finished-at="2020-10-15T14:58:09 CEST" duration-ms="1261" status="PASS">
          <reporter-output>
          </reporter-output>
        </test-method> <!-- teardown -->
        <test-method is-config="true" signature="setUp()[pri:0, instance:com.qa.testcases.ContactPageTest@3ee37e5a]" started-at="2020-10-15T14:58:09 CEST" name="setUp" finished-at="2020-10-15T14:58:24 CEST" duration-ms="15039" status="PASS">
          <reporter-output>
          </reporter-output>
        </test-method> <!-- setUp -->
        <test-method signature="clickOnDropdown()[pri:2, instance:com.qa.testcases.ContactPageTest@3ee37e5a]" started-at="2020-10-15T14:58:24 CEST" name="clickOnDropdown" finished-at="2020-10-15T14:58:26 CEST" duration-ms="2027" status="PASS">
          <reporter-output>
          </reporter-output>
        </test-method> <!-- clickOnDropdown -->
        <test-method is-config="true" signature="teardown()[pri:0, instance:com.qa.testcases.ContactPageTest@3ee37e5a]" started-at="2020-10-15T14:58:26 CEST" name="teardown" finished-at="2020-10-15T14:58:27 CEST" duration-ms="1839" status="PASS">
          <reporter-output>
          </reporter-output>
        </test-method> <!-- teardown -->
      </class> <!-- com.qa.testcases.ContactPageTest -->
      <class name="com.qa.testcases.LoginPageTest">
        <test-method is-config="true" signature="setup()[pri:0, instance:com.qa.testcases.LoginPageTest@6e0f5f7f]" started-at="2020-10-15T14:56:45 CEST" name="setup" finished-at="2020-10-15T14:56:57 CEST" duration-ms="11891" status="PASS">
          <reporter-output>
          </reporter-output>
        </test-method> <!-- setup -->
        <test-method signature="LoginTest()[pri:0, instance:com.qa.testcases.LoginPageTest@6e0f5f7f]" started-at="2020-10-15T14:56:57 CEST" name="LoginTest" finished-at="2020-10-15T14:56:58 CEST" duration-ms="826" status="PASS">
          <reporter-output>
          </reporter-output>
        </test-method> <!-- LoginTest -->
        <test-method is-config="true" signature="teardown()[pri:0, instance:com.qa.testcases.LoginPageTest@6e0f5f7f]" started-at="2020-10-15T14:56:58 CEST" name="teardown" finished-at="2020-10-15T14:56:59 CEST" duration-ms="1550" status="PASS">
          <reporter-output>
          </reporter-output>
        </test-method> <!-- teardown -->
        <test-method is-config="true" signature="setup()[pri:0, instance:com.qa.testcases.LoginPageTest@6e0f5f7f]" started-at="2020-10-15T14:56:59 CEST" name="setup" finished-at="2020-10-15T14:57:10 CEST" duration-ms="10964" status="PASS">
          <reporter-output>
          </reporter-output>
        </test-method> <!-- setup -->
        <test-method signature="titlePageTest()[pri:1, instance:com.qa.testcases.LoginPageTest@6e0f5f7f]" started-at="2020-10-15T14:57:10 CEST" name="titlePageTest" finished-at="2020-10-15T14:57:10 CEST" duration-ms="27" status="PASS">
          <reporter-output>
          </reporter-output>
        </test-method> <!-- titlePageTest -->
        <test-method is-config="true" signature="teardown()[pri:0, instance:com.qa.testcases.LoginPageTest@6e0f5f7f]" started-at="2020-10-15T14:57:10 CEST" name="teardown" finished-at="2020-10-15T14:57:12 CEST" duration-ms="1547" status="PASS">
          <reporter-output>
          </reporter-output>
        </test-method> <!-- teardown -->
      </class> <!-- com.qa.testcases.LoginPageTest -->
    </test> <!-- Free CRM Application Test  -->
  </suite> <!-- My testing application -->
</testng-results>
